<?xml version="1.0" encoding="UTF-8"?>
<!-- Generated by org.testng.reporters.JUnitXMLReporter -->
<testsuite ignored="3" hostname="ATMECSINLT-083" failures="0" tests="2" name="Test" time="45.556" errors="0" timestamp="21 Nov 2019 06:43:33 GMT">
  <testcase classname="com.atmecs.testscripts.TestHeatClinicProduct" name="selectingHSProduct" time="15.763"/>
  <testcase classname="com.atmecs.testscripts.TestNinjaStoreProducts" name="selectingNSProducts" time="20.474"/>
  <testcase classname="com.atmecs.reports.ExtentReport" name="@AfterSuite closeExtent" time="0.0">
    <ignored/>
  </testcase> <!-- @AfterSuite closeExtent -->
  <testcase classname="com.atmecs.testbase.TestBase" name="@BeforeTest initializeBrowser" time="0.0">
    <ignored/>
  </testcase> <!-- @BeforeTest initializeBrowser -->
  <testcase classname="com.atmecs.testbase.TestBase" name="@AfterTest closeBrowser" time="0.0">
    <ignored/>
  </testcase> <!-- @AfterTest closeBrowser -->
</testsuite> <!-- Test -->
