<?xml version="1.0" encoding="UTF-8"?>
<testng-results ignored="0" total="1" passed="1" failed="0" skipped="0">
  <reporter-output>
  </reporter-output>
  <suite started-at="2019-11-20T14:16:47Z" name="Suite" finished-at="2019-11-20T14:17:18Z" duration-ms="30445">
    <groups>
    </groups>
    <test started-at="2019-11-20T14:16:47Z" name="Test" finished-at="2019-11-20T14:17:18Z" duration-ms="30445">
      <class name="com.atmecs.testscripts.TestNinjaStoreProducts">
        <test-method is-config="true" signature="initializeBrowser()[pri:0, instance:com.atmecs.testscripts.TestNinjaStoreProducts@7b9a4292]" started-at="2019-11-20T14:16:47Z" name="initializeBrowser" finished-at="2019-11-20T14:16:50Z" duration-ms="2651" status="PASS">
          <reporter-output>
          </reporter-output>
        </test-method> <!-- initializeBrowser -->
        <test-method is-config="true" signature="launchingUrl()[pri:0, instance:com.atmecs.testscripts.TestNinjaStoreProducts@7b9a4292]" started-at="2019-11-20T14:16:50Z" name="launchingUrl" finished-at="2019-11-20T14:16:53Z" duration-ms="3247" status="PASS">
          <reporter-output>
          </reporter-output>
        </test-method> <!-- launchingUrl -->
        <test-method signature="selectingProducts(java.lang.String, java.lang.String, java.lang.String, java.lang.String, java.lang.String)[pri:0, instance:com.atmecs.testscripts.TestNinjaStoreProducts@7b9a4292]" started-at="2019-11-20T14:16:54Z" name="selectingProducts" data-provider="inputValues" finished-at="2019-11-20T14:17:17Z" duration-ms="22977" status="PASS">
          <params>
            <param index="0">
              <value>
                <![CDATA[iphone]]>
              </value>
            </param>
            <param index="1">
              <value>
                <![CDATA[2]]>
              </value>
            </param>
            <param index="2">
              <value>
                <![CDATA[MacBook Air]]>
              </value>
            </param>
            <param index="3">
              <value>
                <![CDATA[3]]>
              </value>
            </param>
            <param index="4">
              <value>
                <![CDATA[Chairs]]>
              </value>
            </param>
          </params>
          <reporter-output>
          </reporter-output>
        </test-method> <!-- selectingProducts -->
        <test-method is-config="true" signature="closeBrowser()[pri:0, instance:com.atmecs.testscripts.TestNinjaStoreProducts@7b9a4292]" started-at="2019-11-20T14:17:17Z" name="closeBrowser" finished-at="2019-11-20T14:17:18Z" duration-ms="554" status="PASS">
          <reporter-output>
          </reporter-output>
        </test-method> <!-- closeBrowser -->
        <test-method is-config="true" signature="closeExtent()[pri:0, instance:com.atmecs.testscripts.TestNinjaStoreProducts@7b9a4292]" started-at="2019-11-20T14:17:18Z" name="closeExtent" finished-at="2019-11-20T14:17:18Z" duration-ms="371" status="PASS">
          <reporter-output>
          </reporter-output>
        </test-method> <!-- closeExtent -->
      </class> <!-- com.atmecs.testscripts.TestNinjaStoreProducts -->
    </test> <!-- Test -->
  </suite> <!-- Suite -->
</testng-results>
