<?xml version="1.0" encoding="UTF-8"?>
<testng-results ignored="0" total="1" passed="1" failed="0" skipped="0">
  <reporter-output>
  </reporter-output>
  <suite started-at="2019-11-21T07:28:42Z" name="Default suite" finished-at="2019-11-21T07:29:03Z" duration-ms="21328">
    <groups>
    </groups>
    <test started-at="2019-11-21T07:28:42Z" name="Default test" finished-at="2019-11-21T07:29:03Z" duration-ms="21328">
      <class name="com.atmecs.testscripts.TestHeatClinicProduct">
        <test-method is-config="true" signature="initializeBrowser()[pri:0, instance:com.atmecs.testscripts.TestHeatClinicProduct@7b9a4292]" started-at="2019-11-21T07:28:42Z" name="initializeBrowser" finished-at="2019-11-21T07:28:45Z" duration-ms="2534" status="PASS">
          <reporter-output>
          </reporter-output>
        </test-method> <!-- initializeBrowser -->
        <test-method is-config="true" signature="launchingUrl()[pri:0, instance:com.atmecs.testscripts.TestHeatClinicProduct@7b9a4292]" started-at="2019-11-21T07:28:45Z" name="launchingUrl" finished-at="2019-11-21T07:28:46Z" duration-ms="1198" status="PASS">
          <reporter-output>
          </reporter-output>
        </test-method> <!-- launchingUrl -->
        <test-method signature="selectingHSProduct(java.lang.String, java.lang.String)[pri:0, instance:com.atmecs.testscripts.TestHeatClinicProduct@7b9a4292]" started-at="2019-11-21T07:28:47Z" name="selectingHSProduct" data-provider="inputValues" finished-at="2019-11-21T07:29:03Z" duration-ms="16003" status="PASS">
          <params>
            <param index="0">
              <value>
                <![CDATA[Anu]]>
              </value>
            </param>
            <param index="1">
              <value>
                <![CDATA[2]]>
              </value>
            </param>
          </params>
          <reporter-output>
          </reporter-output>
        </test-method> <!-- selectingHSProduct -->
        <test-method is-config="true" signature="closeBrowser()[pri:0, instance:com.atmecs.testscripts.TestHeatClinicProduct@7b9a4292]" started-at="2019-11-21T07:29:03Z" name="closeBrowser" finished-at="2019-11-21T07:29:03Z" duration-ms="606" status="PASS">
          <reporter-output>
          </reporter-output>
        </test-method> <!-- closeBrowser -->
        <test-method is-config="true" signature="closeExtent()[pri:0, instance:com.atmecs.testscripts.TestHeatClinicProduct@7b9a4292]" started-at="2019-11-21T07:29:03Z" name="closeExtent" finished-at="2019-11-21T07:29:04Z" duration-ms="401" status="PASS">
          <reporter-output>
          </reporter-output>
        </test-method> <!-- closeExtent -->
      </class> <!-- com.atmecs.testscripts.TestHeatClinicProduct -->
    </test> <!-- Default test -->
  </suite> <!-- Default suite -->
</testng-results>
